[2023-04-08 00:19:22:1922] [32minfo[39m: [32mApplication listening in development mode on port 8080[39m
[2023-04-08 00:19:46:1946] [32minfo[39m: [32mApplication listening in development mode on port 8080[39m
[2023-04-08 00:20:41:2041] [32minfo[39m: [32mApplication listening in development mode on port 8080[39m
[2023-04-08 00:20:44:2044] [36mhttp[39m: [36mGET /api/getpatientstatus 200 - 89.457 ms[39m
[36m[39m
[2023-04-08 00:20:55:2055] [36mhttp[39m: [36mGET /api/getpatientstatus/6 200 - 37.158 ms[39m
[36m[39m
[2023-04-08 00:21:54:2154] [36mhttp[39m: [36mGET /api/getteam 200 - 0.870 ms[39m
[36m[39m
[2023-04-08 00:33:48:3348] [32minfo[39m: [32mApplication listening in development mode on port 8080[39m
[2023-04-08 00:33:54:3354] [36mhttp[39m: [36mGET /api/getpatientstatus/6 500 - 95.253 ms[39m
[36m[39m
[2023-04-08 00:34:16:3416] [32minfo[39m: [32mApplication listening in development mode on port 8080[39m
[2023-04-08 00:34:18:3418] [36mhttp[39m: [36mGET /api/getpatientstatus/6 200 - 161.156 ms[39m
[36m[39m
[2023-04-08 00:34:30:3430] [36mhttp[39m: [36mGET /api/getpatientstatus 200 - 82.166 ms[39m
[36m[39m
[2023-04-08 00:34:48:3448] [32minfo[39m: [32mApplication listening in development mode on port 8080[39m
[2023-04-08 00:34:50:3450] [36mhttp[39m: [36mGET /api/getpatientstatus 200 - 82.587 ms[39m
[36m[39m
[2023-04-08 00:34:56:3456] [36mhttp[39m: [36mGET /api/getpatientstatus/6 200 - 44.997 ms[39m
[36m[39m
[2023-04-08 00:46:03:463] [32minfo[39m: [32mApplication listening in development mode on port 8080[39m
[2023-04-08 00:54:25:5425] [32minfo[39m: [32mApplication listening in development mode on port 8080[39m
[2023-04-08 00:54:27:5427] [32minfo[39m: [32mApplication listening in development mode on port 8080[39m
[2023-04-08 00:54:31:5431] [32minfo[39m: [32mApplication listening in development mode on port 8080[39m
